\BOOKMARK [1][-]{section.1}{\376\377\200\314\146\157\377\032\000E\000M\000H\166\204\215\050\165\221\130\360}{}% 1
\BOOKMARK [2][-]{subsection.1.1}{\376\377\000E\000M\000H}{section.1}% 2
\BOOKMARK [2][-]{subsection.1.2}{\376\377\121\163\116\216\145\160\143\156\226\306}{section.1}% 3
\BOOKMARK [1][-]{section.2}{\376\377\122\035\153\145\120\107\213\276\150\300\232\214\377\032\133\373\142\176\145\057\143\001\116\367\120\074\156\242\116\367\142\351\145\366\173\126\165\145\166\204\213\301\143\156}{}% 4
\BOOKMARK [2][-]{subsection.2.1}{\376\377\126\340\133\120\116\224\122\006\117\115\154\325\150\300\232\214\131\017\146\156\153\324\135\356\137\002\124\214\147\000\131\047\126\336\144\244\135\356\137\002}{section.2}% 5
\BOOKMARK [1][-]{section.3}{\376\377\131\032\126\340\133\120\142\351\145\366\173\126\165\145\116\013\166\204\214\003\116\323\173\126\165\145}{}% 6
\BOOKMARK [2][-]{subsection.3.1}{\376\377\000L\000o\000g\000i\000s\000t\000i\000c\126\336\137\122\152\041\127\213}{section.3}% 7
\BOOKMARK [3][-]{subsubsection.3.1.1}{\376\377\152\041\127\213\145\271\154\325}{subsection.3.1}% 8
\BOOKMARK [3][-]{subsubsection.3.1.2}{\376\377\176\323\147\234\122\006\147\220}{subsection.3.1}% 9
\BOOKMARK [2][-]{subsection.3.2}{\376\377\000S\000V\000M\152\041\127\213\000h\000a\000s\000t\000i\000e\0002\0000\0000\0009\000e\000l\000e\000m\000e\000n\000t\000s\124\150\137\327\123\116\0002\0000\0001\0006\147\072\126\150\133\146\116\140}{section.3}% 10
\BOOKMARK [3][-]{subsubsection.3.2.1}{\376\377\152\041\127\213\145\271\154\325}{subsection.3.2}% 11
\BOOKMARK [3][-]{subsubsection.3.2.2}{\376\377\173\227\154\325\153\145\232\244}{subsection.3.2}% 12
\BOOKMARK [3][-]{subsubsection.3.2.3}{\376\377\116\343\170\001\135\345\117\134\155\101}{subsection.3.2}% 13
\BOOKMARK [3][-]{subsubsection.3.2.4}{\376\377\176\323\147\234\122\006\147\220}{subsection.3.2}% 14
\BOOKMARK [2][-]{subsection.3.3}{\376\377\000R\000F\152\041\127\213}{section.3}% 15
\BOOKMARK [3][-]{subsubsection.3.3.1}{\376\377\152\041\127\213\145\271\154\325}{subsection.3.3}% 16
\BOOKMARK [3][-]{subsubsection.3.3.2}{\376\377\173\227\154\325\153\145\232\244}{subsection.3.3}% 17
\BOOKMARK [3][-]{subsubsection.3.3.3}{\376\377\116\343\170\001\135\345\117\134\155\101}{subsection.3.3}% 18
\BOOKMARK [3][-]{subsubsection.3.3.4}{\376\377\176\323\147\234\122\006\147\220}{subsection.3.3}% 19
\BOOKMARK [2][-]{subsection.3.4}{\376\377\000X\000G\000B\000o\000o\000s\000t\152\041\127\213}{section.3}% 20
\BOOKMARK [3][-]{subsubsection.3.4.1}{\376\377\152\041\127\213\145\271\154\325}{subsection.3.4}% 21
\BOOKMARK [3][-]{subsubsection.3.4.2}{\376\377\173\227\154\325\153\145\232\244}{subsection.3.4}% 22
\BOOKMARK [3][-]{subsubsection.3.4.3}{\376\377\116\343\170\001\135\345\117\134\155\101}{subsection.3.4}% 23
\BOOKMARK [3][-]{subsubsection.3.4.4}{\376\377\176\323\147\234\122\006\147\220}{subsection.3.4}% 24
\BOOKMARK [3][-]{subsubsection.3.4.5}{\376\377\000L\000a\000s\000s\000o\123\330\221\317\173\133\220\011\124\016\166\204\000X\000G\000B\000o\000o\000s\000t}{subsection.3.4}% 25
\BOOKMARK [1][-]{section.4}{\376\377\142\225\215\104\173\126\165\145\377\010\116\323\117\115\143\247\122\066\121\375\145\160\377\011\166\204\145\071\217\333}{}% 26
\BOOKMARK [1][-]{section.5}{\376\377\140\073\176\323}{}% 27
\BOOKMARK [1][-]{appendix.A}{\376\377\220\350\122\006\152\041\127\213\145\160\133\146\123\237\164\006}{}% 28
\BOOKMARK [2][-]{subsection.A.1}{\376\377\000S\000M\000O\173\227\154\325}{appendix.A}% 29
\BOOKMARK [2][-]{subsection.A.2}{\376\377\000L\000a\000s\000s\000o\123\330\221\317\220\011\142\351}{appendix.A}% 30
\BOOKMARK [1][-]{appendix.B}{\376\377\126\376\162\107}{}% 31
\BOOKMARK [1][-]{appendix.C}{\376\377\123\302\200\003\145\207\163\056}{}% 32
\BOOKMARK [1][-]{appendix.D}{\376\377\116\343\170\001\133\236\163\260}{}% 33
\BOOKMARK [2][-]{subsection.D.1}{\376\377\122\035\153\145\120\107\213\276\150\300\232\214\377\032\133\373\142\176\145\057\143\001\116\367\120\074\156\242\116\367\142\351\145\366\173\126\165\145\166\204\213\301\143\156}{appendix.D}% 34
\BOOKMARK [3][-]{subsubsection.D.1.1}{\376\377\000q\000u\000a\000n\000t\0005\000\137\000t\000e\000s\000t\000\137\000s\000h\000a\000r\000p\000e\000.\000r}{subsection.D.1}% 35
\BOOKMARK [3][-]{subsubsection.D.1.2}{\376\377\000q\000u\000a\000n\000t\0005\000\137\000t\000e\000s\000t\000\137\000m\000d\000d\000.\000r}{subsection.D.1}% 36
\BOOKMARK [2][-]{subsection.D.2}{\376\377\131\032\126\340\133\120\142\351\145\366\173\126\165\145\116\013\166\204\214\003\116\323\173\126\165\145}{appendix.D}% 37
\BOOKMARK [3][-]{subsubsection.D.2.1}{\376\377\000L\000o\000g\000i\000s\000t\000i\000c\126\336\137\122\152\041\127\213}{subsection.D.2}% 38
\BOOKMARK [3][-]{subsubsection.D.2.2}{\376\377\000S\000V\000M\152\041\127\213}{subsection.D.2}% 39
\BOOKMARK [3][-]{subsubsection.D.2.3}{\376\377\000R\000F\152\041\127\213}{subsection.D.2}% 40
\BOOKMARK [3][-]{subsubsection.D.2.4}{\376\377\000X\000G\000B\000o\000o\000s\000t\152\041\127\213}{subsection.D.2}% 41
\BOOKMARK [2][-]{subsection.D.3}{\376\377\142\225\215\104\173\126\165\145\377\010\116\323\117\115\143\247\122\066\121\375\145\160\377\011\166\204\145\071\217\333}{appendix.D}% 42
